{
  "RSpec": {
    "coverage": {
      "/Users/adamskariuki/Documents/code/ruby/bucketlist/app/models/user.rb": [
        1,
        1,
        1,
        1,
        1,
        1,
        1,
        null
      ],
      "/Users/adamskariuki/Documents/code/ruby/bucketlist/app/models/application_record.rb": [
        1,
        1,
        null
      ],
      "/Users/adamskariuki/Documents/code/ruby/bucketlist/app/models/todo.rb": [
        1,
        1,
        1,
        1,
        null
      ],
      "/Users/adamskariuki/Documents/code/ruby/bucketlist/app/models/item.rb": [
        1,
        1,
        1,
        1,
        null
      ]
    },
    "timestamp": 1516950793
  }
}
